[0m20:41:51.185400 [debug] [MainThread]: Sending event: {'category': 'dbt', 'action': 'invocation', 'label': 'start', 'context': [<snowplow_tracker.self_describing_json.SelfDescribingJson object at 0x10863bcb0>, <snowplow_tracker.self_describing_json.SelfDescribingJson object at 0x109bbb890>, <snowplow_tracker.self_describing_json.SelfDescribingJson object at 0x109bbb750>]}


============================== 20:41:51.187824 | ab5bb9c8-bbf7-48d8-a7db-6cffc49dd06e ==============================
[0m20:41:51.187824 [info ] [MainThread]: Running with dbt=1.10.13
[0m20:41:51.188177 [debug] [MainThread]: running dbt with arguments {'log_path': 'logs', 'warn_error': 'None', 'introspect': 'True', 'no_print': 'None', 'warn_error_options': 'WarnErrorOptionsV2(error=[], warn=[], silence=[])', 'send_anonymous_usage_stats': 'True', 'target_path': 'None', 'empty': 'False', 'use_experimental_parser': 'False', 'static_parser': 'True', 'version_check': 'True', 'use_colors': 'True', 'profiles_dir': '/Users/andrew/.dbt', 'printer_width': '80', 'indirect_selection': 'eager', 'log_cache_events': 'False', 'debug': 'False', 'quiet': 'False', 'write_json': 'True', 'invocation_command': 'dbt build', 'partial_parse': 'True', 'fail_fast': 'False', 'cache_selected_only': 'False', 'log_format': 'default'}
[0m20:41:51.188512 [error] [MainThread]: Encountered an error:
Runtime Error
  No dbt_project.yml found at expected path /Users/andrew/Library/Mobile Documents/com~apple~CloudDocs/Documents/Code/congress-track/dbt_project.yml
  Verify that each entry within packages.yml (and their transitive dependencies) contains a file named dbt_project.yml
  
[0m20:41:51.188842 [debug] [MainThread]: Resource report: {"command_name": "build", "command_success": false, "command_wall_clock_time": 0.044049583, "process_in_blocks": "0", "process_kernel_time": 0.108869, "process_mem_max_rss": "112377856", "process_out_blocks": "0", "process_user_time": 0.651908}
[0m20:41:51.189080 [debug] [MainThread]: Command `dbt build` failed at 20:41:51.189036 after 0.04 seconds
[0m20:41:51.189239 [debug] [MainThread]: Sending event: {'category': 'dbt', 'action': 'invocation', 'label': 'end', 'context': [<snowplow_tracker.self_describing_json.SelfDescribingJson object at 0x109a93ce0>, <snowplow_tracker.self_describing_json.SelfDescribingJson object at 0x109c30cb0>, <snowplow_tracker.self_describing_json.SelfDescribingJson object at 0x109af67a0>]}
[0m20:41:51.189394 [debug] [MainThread]: Flushing usage events
[0m20:41:51.400103 [debug] [MainThread]: An error was encountered while trying to flush usage events
[0m20:41:58.241635 [debug] [MainThread]: Sending event: {'category': 'dbt', 'action': 'invocation', 'label': 'start', 'context': [<snowplow_tracker.self_describing_json.SelfDescribingJson object at 0x1083d3cb0>, <snowplow_tracker.self_describing_json.SelfDescribingJson object at 0x109947890>, <snowplow_tracker.self_describing_json.SelfDescribingJson object at 0x109947750>]}


============================== 20:41:58.243982 | 2ac659d7-5edf-4e5f-aa8f-69c7445cc5d9 ==============================
[0m20:41:58.243982 [info ] [MainThread]: Running with dbt=1.10.13
[0m20:41:58.244279 [debug] [MainThread]: running dbt with arguments {'use_colors': 'True', 'empty': 'False', 'warn_error_options': 'WarnErrorOptionsV2(error=[], warn=[], silence=[])', 'invocation_command': 'dbt build', 'introspect': 'True', 'partial_parse': 'True', 'log_format': 'default', 'quiet': 'False', 'target_path': 'None', 'warn_error': 'None', 'log_cache_events': 'False', 'profiles_dir': '/Users/andrew/.dbt', 'static_parser': 'True', 'use_experimental_parser': 'False', 'send_anonymous_usage_stats': 'True', 'log_path': 'logs', 'write_json': 'True', 'debug': 'False', 'indirect_selection': 'eager', 'cache_selected_only': 'False', 'fail_fast': 'False', 'no_print': 'None', 'printer_width': '80', 'version_check': 'True'}
[0m20:41:58.244570 [error] [MainThread]: Encountered an error:
Runtime Error
  No dbt_project.yml found at expected path /Users/andrew/Library/Mobile Documents/com~apple~CloudDocs/Documents/Code/congress-track/dbt_project.yml
  Verify that each entry within packages.yml (and their transitive dependencies) contains a file named dbt_project.yml
  
[0m20:41:58.244889 [debug] [MainThread]: Resource report: {"command_name": "build", "command_success": false, "command_wall_clock_time": 0.042450584, "process_in_blocks": "0", "process_kernel_time": 0.1001, "process_mem_max_rss": "112361472", "process_out_blocks": "0", "process_user_time": 0.643635}
[0m20:41:58.245126 [debug] [MainThread]: Command `dbt build` failed at 20:41:58.245083 after 0.04 seconds
[0m20:41:58.245283 [debug] [MainThread]: Sending event: {'category': 'dbt', 'action': 'invocation', 'label': 'end', 'context': [<snowplow_tracker.self_describing_json.SelfDescribingJson object at 0x10981bce0>, <snowplow_tracker.self_describing_json.SelfDescribingJson object at 0x1099b8cb0>, <snowplow_tracker.self_describing_json.SelfDescribingJson object at 0x10987e7a0>]}
[0m20:41:58.245431 [debug] [MainThread]: Flushing usage events
[0m20:41:58.431090 [debug] [MainThread]: An error was encountered while trying to flush usage events
